<?xml version="1.0" encoding="UTF-8"?>
<testng-results ignored="0" total="3" passed="3" failed="0" skipped="0">
  <reporter-output>
  </reporter-output>
  <suite started-at="2021-09-21T11:29:12Z" name="Default suite" finished-at="2021-09-21T11:29:12Z" duration-ms="84">
    <groups>
    </groups>
    <test started-at="2021-09-21T11:29:12Z" name="Default test" finished-at="2021-09-21T11:29:12Z" duration-ms="84">
      <class name="com.comcast.contact.Contacttest">
        <test-method signature="createcontactTest()[pri:0, instance:com.comcast.contact.Contacttest@2609b277]" started-at="2021-09-21T11:29:12Z" name="createcontactTest" finished-at="2021-09-21T11:29:12Z" duration-ms="34" status="PASS">
          <reporter-output>
          </reporter-output>
        </test-method> <!-- createcontactTest -->
        <test-method signature="createcontactwithTest()[pri:0, instance:com.comcast.contact.Contacttest@2609b277]" started-at="2021-09-21T11:29:12Z" name="createcontactwithTest" finished-at="2021-09-21T11:29:12Z" duration-ms="3" status="PASS">
          <reporter-output>
          </reporter-output>
        </test-method> <!-- createcontactwithTest -->
        <test-method signature="deletecreatecontactTest()[pri:0, instance:com.comcast.contact.Contacttest@2609b277]" started-at="2021-09-21T11:29:12Z" name="deletecreatecontactTest" finished-at="2021-09-21T11:29:12Z" duration-ms="2" status="PASS">
          <reporter-output>
          </reporter-output>
        </test-method> <!-- deletecreatecontactTest -->
      </class> <!-- com.comcast.contact.Contacttest -->
    </test> <!-- Default test -->
  </suite> <!-- Default suite -->
</testng-results>
